#
# There is insufficient memory for the Java Runtime Environment to continue.
# Native memory allocation (mmap) failed to map 66060288 bytes for committing reserved memory.
# Possible reasons:
#   The system is out of physical RAM or swap space
#   In 32 bit mode, the process size limit was hit
# Possible solutions:
#   Reduce memory load on the system
#   Increase physical memory or swap space
#   Check if swap backing store is full
#   Use 64 bit Java on a 64 bit OS
#   Decrease Java heap size (-Xmx/-Xms)
#   Decrease number of Java threads
#   Decrease Java thread stack sizes (-Xss)
#   Set larger code cache with -XX:ReservedCodeCacheSize=
# This output file may be truncated or incomplete.
#
#  Out of Memory Error (os_linux.cpp:2630), pid=7825, tid=140180545574656
#
# JRE version: OpenJDK Runtime Environment (8.0_91-b14) (build 1.8.0_91-8u91-b14-0ubuntu4~16.04.1-b14)
# Java VM: OpenJDK 64-Bit Server VM (25.91-b14 mixed mode linux-amd64 compressed oops)
# Failed to write core dump. Core dumps have been disabled. To enable core dumping, try "ulimit -c unlimited" before starting Java again
#

---------------  T H R E A D  ---------------

Current thread (0x00007f7e70077800):  VMThread [stack: 0x00007f7e538f9000,0x00007f7e539fa000] [id=7832]

Stack: [0x00007f7e538f9000,0x00007f7e539fa000],  sp=0x00007f7e539f84c0,  free space=1021k
Native frames: (J=compiled Java code, j=interpreted, Vv=VM code, C=native code)
V  [libjvm.so+0xa5d53b]
V  [libjvm.so+0x4c172c]
V  [libjvm.so+0x8ae1e0]
V  [libjvm.so+0x8a865e]
V  [libjvm.so+0x922756]
V  [libjvm.so+0x923a83]
V  [libjvm.so+0x920133]
V  [libjvm.so+0x9203fc]
V  [libjvm.so+0x8d2a73]
V  [libjvm.so+0xa5f1f2]
V  [libjvm.so+0xa64277]
V  [libjvm.so+0xa61a47]
V  [libjvm.so+0xa62ecf]
V  [libjvm.so+0xa633c1]
V  [libjvm.so+0x8ab6c2]

VM_Operation (0x00007f7e7a5c57e0): ParallelGCFailedAllocation, mode: safepoint, requested by thread 0x00007f7e7000a000


---------------  P R O C E S S  ---------------

Java Threads: ( => current thread )
  0x00007f7e70675800 JavaThread "process reaper" daemon [_thread_blocked, id=7842, stack(0x00007f7e522a3000,0x00007f7e522dc000)]
  0x00007f7e700da000 JavaThread "Service Thread" daemon [_thread_blocked, id=7839, stack(0x00007f7e52833000,0x00007f7e52934000)]
  0x00007f7e700b2800 JavaThread "C1 CompilerThread2" daemon [_thread_blocked, id=7838, stack(0x00007f7e52934000,0x00007f7e52a35000)]
  0x00007f7e700b0800 JavaThread "C2 CompilerThread1" daemon [_thread_blocked, id=7837, stack(0x00007f7e52a35000,0x00007f7e52b36000)]
  0x00007f7e700ae000 JavaThread "C2 CompilerThread0" daemon [_thread_blocked, id=7836, stack(0x00007f7e52b36000,0x00007f7e52c37000)]
  0x00007f7e700ab800 JavaThread "Signal Dispatcher" daemon [_thread_blocked, id=7835, stack(0x00007f7e52c37000,0x00007f7e52d38000)]
  0x00007f7e70083800 JavaThread "Finalizer" daemon [_thread_blocked, id=7834, stack(0x00007f7e536f7000,0x00007f7e537f8000)]
  0x00007f7e7007f000 JavaThread "Reference Handler" daemon [_thread_blocked, id=7833, stack(0x00007f7e537f8000,0x00007f7e538f9000)]
  0x00007f7e7000a000 JavaThread "main" [_thread_blocked, id=7827, stack(0x00007f7e7a4c8000,0x00007f7e7a5c9000)]

Other Threads:
=>0x00007f7e70077800 VMThread [stack: 0x00007f7e538f9000,0x00007f7e539fa000] [id=7832]
  0x00007f7e700dc800 WatcherThread [stack: 0x00007f7e52732000,0x00007f7e52833000] [id=7840]

VM state:at safepoint (normal execution)

VM Mutex/Monitor currently owned by a thread:  ([mutex/lock_event])
[0x00007f7e700064e0] Threads_lock - owner thread: 0x00007f7e70077800
[0x00007f7e700069e0] Heap_lock - owner thread: 0x00007f7e7000a000

Heap:
 PSYoungGen      total 67584K, used 6144K [0x00000000ec180000, 0x00000000f0980000, 0x0000000100000000)
  eden space 61440K, 0% used [0x00000000ec180000,0x00000000ec180000,0x00000000efd80000)
  from space 6144K, 100% used [0x00000000efd80000,0x00000000f0380000,0x00000000f0380000)
  to   space 5632K, 0% used [0x00000000f0400000,0x00000000f0400000,0x00000000f0980000)
 ParOldGen       total 40960K, used 7916K [0x00000000c4400000, 0x00000000c6c00000, 0x00000000ec180000)
  object space 40960K, 19% used [0x00000000c4400000,0x00000000c4bbb288,0x00000000c6c00000)
 Metaspace       used 14810K, capacity 15248K, committed 15488K, reserved 1062912K
  class space    used 1712K, capacity 1842K, committed 1920K, reserved 1048576K

Card table byte_map: [0x00007f7e769b0000,0x00007f7e76b8f000] byte_map_base: 0x00007f7e7638e000

Marking Bits: (ParMarkBitMap*) 0x00007f7e79794fc0
 Begin Bits: [0x00007f7e7468d000, 0x00007f7e7557d000)
 End Bits:   [0x00007f7e7557d000, 0x00007f7e7646d000)

Polling page: 0x00007f7e7a5e6000

CodeCache: size=245760Kb used=9371Kb max_used=9371Kb free=236388Kb
 bounds [0x00007f7e61000000, 0x00007f7e61930000, 0x00007f7e70000000]
 total_blobs=3030 nmethods=2691 adapters=253
 compilation: enabled

Compilation events (10 events):
Event: 7,699 Thread 0x00007f7e700b2800 2693   !   3       sun.reflect.UTF8::encode (191 bytes)
Event: 7,700 Thread 0x00007f7e700ae000 nmethod 2694 0x00007f7e61929d50 code [0x00007f7e61929ea0, 0x00007f7e61929fa8]
Event: 7,701 Thread 0x00007f7e700b2800 nmethod 2693 0x00007f7e61924e50 code [0x00007f7e61925040, 0x00007f7e61925928]
Event: 7,701 Thread 0x00007f7e700b2800 2695       3       org.sonatype.aether.impl.internal.DefaultArtifactResolver::resolveArtifact (19 bytes)
Event: 7,702 Thread 0x00007f7e700b2800 nmethod 2695 0x00007f7e619267d0 code [0x00007f7e61926980, 0x00007f7e61926f18]
Event: 7,705 Thread 0x00007f7e700b2800 2696       3       org.sonatype.aether.util.artifact.AbstractArtifact::copy (26 bytes)
Event: 7,705 Thread 0x00007f7e700b2800 nmethod 2696 0x00007f7e6192b010 code [0x00007f7e6192b1c0, 0x00007f7e6192b6d8]
Event: 7,705 Thread 0x00007f7e700b2800 2697       3       org.sonatype.aether.resolution.ArtifactRequest::<init> (36 bytes)
Event: 7,706 Thread 0x00007f7e700b2800 nmethod 2697 0x00007f7e6192a750 code [0x00007f7e6192a900, 0x00007f7e6192ae30]
Event: 7,730 Thread 0x00007f7e700ae000 2698       4       java.util.LinkedHashMap$LinkedValueIterator::next (8 bytes)

GC Heap History (10 events):
Event: 0,970 GC heap after
Heap after GC invocations=2 (full 0):
 PSYoungGen      total 17920K, used 2116K [0x00000000ec180000, 0x00000000ee480000, 0x0000000100000000)
  eden space 15360K, 0% used [0x00000000ec180000,0x00000000ec180000,0x00000000ed080000)
  from space 2560K, 82% used [0x00000000ed300000,0x00000000ed5112e8,0x00000000ed580000)
  to   space 2560K, 0% used [0x00000000ed080000,0x00000000ed080000,0x00000000ed300000)
 ParOldGen       total 40960K, used 579K [0x00000000c4400000, 0x00000000c6c00000, 0x00000000ec180000)
  object space 40960K, 1% used [0x00000000c4400000,0x00000000c4490e00,0x00000000c6c00000)
 Metaspace       used 7044K, capacity 7224K, committed 7424K, reserved 1056768K
  class space    used 865K, capacity 924K, committed 1024K, reserved 1048576K
}
Event: 1,506 GC heap before
{Heap before GC invocations=3 (full 0):
 PSYoungGen      total 17920K, used 17476K [0x00000000ec180000, 0x00000000ee480000, 0x0000000100000000)
  eden space 15360K, 100% used [0x00000000ec180000,0x00000000ed080000,0x00000000ed080000)
  from space 2560K, 82% used [0x00000000ed300000,0x00000000ed5112e8,0x00000000ed580000)
  to   space 2560K, 0% used [0x00000000ed080000,0x00000000ed080000,0x00000000ed300000)
 ParOldGen       total 40960K, used 579K [0x00000000c4400000, 0x00000000c6c00000, 0x00000000ec180000)
  object space 40960K, 1% used [0x00000000c4400000,0x00000000c4490e00,0x00000000c6c00000)
 Metaspace       used 8962K, capacity 9176K, committed 9472K, reserved 1056768K
  class space    used 1118K, capacity 1185K, committed 1280K, reserved 1048576K
Event: 1,512 GC heap after
Heap after GC invocations=3 (full 0):
 PSYoungGen      total 17920K, used 2557K [0x00000000ec180000, 0x00000000ee480000, 0x0000000100000000)
  eden space 15360K, 0% used [0x00000000ec180000,0x00000000ec180000,0x00000000ed080000)
  from space 2560K, 99% used [0x00000000ed080000,0x00000000ed2ff468,0x00000000ed300000)
  to   space 2560K, 0% used [0x00000000ee200000,0x00000000ee200000,0x00000000ee480000)
 ParOldGen       total 40960K, used 1784K [0x00000000c4400000, 0x00000000c6c00000, 0x00000000ec180000)
  object space 40960K, 4% used [0x00000000c4400000,0x00000000c45be0a8,0x00000000c6c00000)
 Metaspace       used 8962K, capacity 9176K, committed 9472K, reserved 1056768K
  class space    used 1118K, capacity 1185K, committed 1280K, reserved 1048576K
}
Event: 2,107 GC heap before
{Heap before GC invocations=4 (full 0):
 PSYoungGen      total 17920K, used 17917K [0x00000000ec180000, 0x00000000ee480000, 0x0000000100000000)
  eden space 15360K, 100% used [0x00000000ec180000,0x00000000ed080000,0x00000000ed080000)
  from space 2560K, 99% used [0x00000000ed080000,0x00000000ed2ff468,0x00000000ed300000)
  to   space 2560K, 0% used [0x00000000ee200000,0x00000000ee200000,0x00000000ee480000)
 ParOldGen       total 40960K, used 1784K [0x00000000c4400000, 0x00000000c6c00000, 0x00000000ec180000)
  object space 40960K, 4% used [0x00000000c4400000,0x00000000c45be0a8,0x00000000c6c00000)
 Metaspace       used 11600K, capacity 11862K, committed 12032K, reserved 1060864K
  class space    used 1410K, capacity 1525K, committed 1536K, reserved 1048576K
Event: 2,119 GC heap after
Heap after GC invocations=4 (full 0):
 PSYoungGen      total 33280K, used 2560K [0x00000000ec180000, 0x00000000ee480000, 0x0000000100000000)
  eden space 30720K, 0% used [0x00000000ec180000,0x00000000ec180000,0x00000000edf80000)
  from space 2560K, 100% used [0x00000000ee200000,0x00000000ee480000,0x00000000ee480000)
  to   space 2560K, 0% used [0x00000000edf80000,0x00000000edf80000,0x00000000ee200000)
 ParOldGen       total 40960K, used 3500K [0x00000000c4400000, 0x00000000c6c00000, 0x00000000ec180000)
  object space 40960K, 8% used [0x00000000c4400000,0x00000000c476b3f0,0x00000000c6c00000)
 Metaspace       used 11600K, capacity 11862K, committed 12032K, reserved 1060864K
  class space    used 1410K, capacity 1525K, committed 1536K, reserved 1048576K
}
Event: 3,145 GC heap before
{Heap before GC invocations=5 (full 0):
 PSYoungGen      total 33280K, used 33280K [0x00000000ec180000, 0x00000000ee480000, 0x0000000100000000)
  eden space 30720K, 100% used [0x00000000ec180000,0x00000000edf80000,0x00000000edf80000)
  from space 2560K, 100% used [0x00000000ee200000,0x00000000ee480000,0x00000000ee480000)
  to   space 2560K, 0% used [0x00000000edf80000,0x00000000edf80000,0x00000000ee200000)
 ParOldGen       total 40960K, used 3500K [0x00000000c4400000, 0x00000000c6c00000, 0x00000000ec180000)
  object space 40960K, 8% used [0x00000000c4400000,0x00000000c476b3f0,0x00000000c6c00000)
 Metaspace       used 13299K, capacity 13658K, committed 13824K, reserved 1060864K
  class space    used 1583K, capacity 1697K, committed 1792K, reserved 1048576K
Event: 3,168 GC heap after
Heap after GC invocations=5 (full 0):
 PSYoungGen      total 33280K, used 2544K [0x00000000ec180000, 0x00000000f0a80000, 0x0000000100000000)
  eden space 30720K, 0% used [0x00000000ec180000,0x00000000ec180000,0x00000000edf80000)
  from space 2560K, 99% used [0x00000000edf80000,0x00000000ee1fc030,0x00000000ee200000)
  to   space 6656K, 0% used [0x00000000f0400000,0x00000000f0400000,0x00000000f0a80000)
 ParOldGen       total 40960K, used 6536K [0x00000000c4400000, 0x00000000c6c00000, 0x00000000ec180000)
  object space 40960K, 15% used [0x00000000c4400000,0x00000000c4a62318,0x00000000c6c00000)
 Metaspace       used 13299K, capacity 13658K, committed 13824K, reserved 1060864K
  class space    used 1583K, capacity 1697K, committed 1792K, reserved 1048576K
}
Event: 3,787 GC heap before
{Heap before GC invocations=6 (full 0):
 PSYoungGen      total 33280K, used 33264K [0x00000000ec180000, 0x00000000f0a80000, 0x0000000100000000)
  eden space 30720K, 100% used [0x00000000ec180000,0x00000000edf80000,0x00000000edf80000)
  from space 2560K, 99% used [0x00000000edf80000,0x00000000ee1fc030,0x00000000ee200000)
  to   space 6656K, 0% used [0x00000000f0400000,0x00000000f0400000,0x00000000f0a80000)
 ParOldGen       total 40960K, used 6536K [0x00000000c4400000, 0x00000000c6c00000, 0x00000000ec180000)
  object space 40960K, 15% used [0x00000000c4400000,0x00000000c4a62318,0x00000000c6c00000)
 Metaspace       used 13598K, capacity 13914K, committed 14080K, reserved 1060864K
  class space    used 1587K, capacity 1697K, committed 1792K, reserved 1048576K
Event: 3,809 GC heap after
Heap after GC invocations=6 (full 0):
 PSYoungGen      total 67072K, used 3728K [0x00000000ec180000, 0x00000000f0980000, 0x0000000100000000)
  eden space 61440K, 0% used [0x00000000ec180000,0x00000000ec180000,0x00000000efd80000)
  from space 5632K, 66% used [0x00000000f0400000,0x00000000f07a4030,0x00000000f0980000)
  to   space 6144K, 0% used [0x00000000efd80000,0x00000000efd80000,0x00000000f0380000)
 ParOldGen       total 40960K, used 6544K [0x00000000c4400000, 0x00000000c6c00000, 0x00000000ec180000)
  object space 40960K, 15% used [0x00000000c4400000,0x00000000c4a64318,0x00000000c6c00000)
 Metaspace       used 13598K, capacity 13914K, committed 14080K, reserved 1060864K
  class space    used 1587K, capacity 1697K, committed 1792K, reserved 1048576K
}
Event: 7,730 GC heap before
{Heap before GC invocations=7 (full 0):
 PSYoungGen      total 67072K, used 65168K [0x00000000ec180000, 0x00000000f0980000, 0x0000000100000000)
  eden space 61440K, 100% used [0x00000000ec180000,0x00000000efd80000,0x00000000efd80000)
  from space 5632K, 66% used [0x00000000f0400000,0x00000000f07a4030,0x00000000f0980000)
  to   space 6144K, 0% used [0x00000000efd80000,0x00000000efd80000,0x00000000f0380000)
 ParOldGen       total 40960K, used 6544K [0x00000000c4400000, 0x00000000c6c00000, 0x00000000ec180000)
  object space 40960K, 15% used [0x00000000c4400000,0x00000000c4a64318,0x00000000c6c00000)
 Metaspace       used 14810K, capacity 15248K, committed 15488K, reserved 1062912K
  class space    used 1712K, capacity 1842K, committed 1920K, reserved 1048576K

Deoptimization events (10 events):
Event: 5,097 Thread 0x00007f7e7000a000 Uncommon trap: reason=speculate_class_check action=maybe_recompile pc=0x00007f7e617536ec method=java.nio.charset.CharsetDecoder.decode(Ljava/nio/ByteBuffer;Ljava/nio/CharBuffer;Z)Ljava/nio/charset/CoderResult; @ 57
Event: 5,098 Thread 0x00007f7e7000a000 Uncommon trap: reason=speculate_class_check action=maybe_recompile pc=0x00007f7e617536ec method=java.nio.charset.CharsetDecoder.decode(Ljava/nio/ByteBuffer;Ljava/nio/CharBuffer;Z)Ljava/nio/charset/CoderResult; @ 57
Event: 5,099 Thread 0x00007f7e7000a000 Uncommon trap: reason=speculate_class_check action=maybe_recompile pc=0x00007f7e617536ec method=java.nio.charset.CharsetDecoder.decode(Ljava/nio/ByteBuffer;Ljava/nio/CharBuffer;Z)Ljava/nio/charset/CoderResult; @ 57
Event: 5,102 Thread 0x00007f7e7000a000 Uncommon trap: reason=class_check action=maybe_recompile pc=0x00007f7e6176f864 method=org.apache.maven.model.interpolation.StringSearchModelInterpolator$InterpolateObjectAction.interpolateMapField(Ljava/lang/Object;Ljava/lang/reflect/Field;)V @ 126
Event: 5,337 Thread 0x00007f7e7000a000 Uncommon trap: reason=class_check action=maybe_recompile pc=0x00007f7e61576c64 method=org.apache.maven.model.interpolation.StringSearchModelInterpolator$InterpolateObjectAction.interpolateMapField(Ljava/lang/Object;Ljava/lang/reflect/Field;)V @ 126
Event: 6,191 Thread 0x00007f7e7000a000 Uncommon trap: reason=class_check action=maybe_recompile pc=0x00007f7e612effb0 method=java.lang.reflect.Executable.getAnnotation(Ljava/lang/Class;)Ljava/lang/annotation/Annotation; @ 19
Event: 6,443 Thread 0x00007f7e7000a000 Uncommon trap: reason=bimorphic action=maybe_recompile pc=0x00007f7e61349244 method=java.util.HashMap.putVal(ILjava/lang/Object;Ljava/lang/Object;ZZ)Ljava/lang/Object; @ 203
Event: 6,482 Thread 0x00007f7e7000a000 Uncommon trap: reason=unstable_if action=reinterpret pc=0x00007f7e617ef4d8 method=org.sonatype.guice.bean.locators.RankedBindings$Itr.hasNext()Z @ 60
Event: 6,736 Thread 0x00007f7e7000a000 Uncommon trap: reason=unstable_if action=reinterpret pc=0x00007f7e61683168 method=java.util.ArrayList.remove(Ljava/lang/Object;)Z @ 46
Event: 7,305 Thread 0x00007f7e7000a000 Uncommon trap: reason=class_check action=maybe_recompile pc=0x00007f7e612effb0 method=java.lang.reflect.Executable.getAnnotation(Ljava/lang/Class;)Ljava/lang/annotation/Annotation; @ 19

Internal exceptions (10 events):
Event: 1,280 Thread 0x00007f7e7000a000 Exception <a 'java/lang/NoClassDefFoundError': org/slf4j/LoggerFactory> (0x00000000ec7776b0) thrown at [/build/openjdk-8-6lTAoN/openjdk-8-8u91-b14/src/hotspot/src/share/vm/classfile/systemDictionary.cpp, line 199]
Event: 1,280 Thread 0x00007f7e7000a000 Exception <a 'java/lang/NoClassDefFoundError'> (0x00000000ec7776b0) thrown at [/build/openjdk-8-6lTAoN/openjdk-8-8u91-b14/src/hotspot/src/share/vm/oops/instanceKlass.cpp, line 948]
Event: 2,043 Thread 0x00007f7e7000a000 Exception <a 'java/lang/NoSuchFieldError': method resolution failed> (0x00000000ecfbd048) thrown at [/build/openjdk-8-6lTAoN/openjdk-8-8u91-b14/src/hotspot/src/share/vm/prims/methodHandles.cpp, line 1146]
Event: 2,047 Thread 0x00007f7e7000a000 Exception <a 'java/lang/NoSuchFieldError': method resolution failed> (0x00000000ecfca708) thrown at [/build/openjdk-8-6lTAoN/openjdk-8-8u91-b14/src/hotspot/src/share/vm/prims/methodHandles.cpp, line 1146]
Event: 2,559 Thread 0x00007f7e7000a000 Implicit null exception at 0x00007f7e613a24f5 to 0x00007f7e613a26d9
Event: 2,559 Thread 0x00007f7e7000a000 Implicit null exception at 0x00007f7e612f5def to 0x00007f7e612f5e59
Event: 2,637 Thread 0x00007f7e7000a000 Implicit null exception at 0x00007f7e614cc8be to 0x00007f7e614ccbd9
Event: 2,963 Thread 0x00007f7e7000a000 Implicit null exception at 0x00007f7e6136bc98 to 0x00007f7e6136bd26
Event: 6,444 Thread 0x00007f7e7000a000 Exception <a 'java/lang/NoClassDefFoundError': org/slf4j/Logger> (0x00000000eedb6428) thrown at [/build/openjdk-8-6lTAoN/openjdk-8-8u91-b14/src/hotspot/src/share/vm/oops/constantPool.cpp, line 235]
Event: 7,323 Thread 0x00007f7e7000a000 Exception <a 'java/lang/NoClassDefFoundError': org/slf4j/Logger> (0x00000000ef858e68) thrown at [/build/openjdk-8-6lTAoN/openjdk-8-8u91-b14/src/hotspot/src/share/vm/oops/constantPool.cpp, line 235]

Events (10 events):
Event: 7,400 loading class org/codehaus/plexus/util/SelectorUtils done
Event: 7,419 loading class org/sonatype/plexus/build/incremental/EmptyScanner
Event: 7,419 loading class org/sonatype/plexus/build/incremental/EmptyScanner done
Event: 7,419 loading class org/sonatype/plexus/build/incremental/EmptyScanner
Event: 7,419 loading class org/sonatype/plexus/build/incremental/EmptyScanner done
Event: 7,420 loading class org/apache/maven/artifact/resolver/filter/CumulativeScopeArtifactFilter
Event: 7,420 loading class org/apache/maven/artifact/resolver/filter/CumulativeScopeArtifactFilter done
Event: 7,445 loading class org/apache/maven/artifact/resolver/filter/AbstractScopeArtifactFilter
Event: 7,445 loading class org/apache/maven/artifact/resolver/filter/AbstractScopeArtifactFilter done
Event: 7,730 Executing VM operation: ParallelGCFailedAllocation


Dynamic libraries:
00400000-00401000 r-xp 00000000 08:0a 6428229                            /usr/lib/jvm/java-8-openjdk-amd64/jre/bin/java
00600000-00601000 r--p 00000000 08:0a 6428229                            /usr/lib/jvm/java-8-openjdk-amd64/jre/bin/java
00601000-00602000 rw-p 00001000 08:0a 6428229                            /usr/lib/jvm/java-8-openjdk-amd64/jre/bin/java
023d0000-023f1000 rw-p 00000000 00:00 0                                  [heap]
c4400000-c6c00000 rw-p 00000000 00:00 0 
c6c00000-ec180000 ---p 00000000 00:00 0 
ec180000-f0980000 rw-p 00000000 00:00 0 
f4880000-100000000 ---p 00000000 00:00 0 
100000000-1001e0000 rw-p 00000000 00:00 0 
1001e0000-140000000 ---p 00000000 00:00 0 
7f7e20000000-7f7e20021000 rw-p 00000000 00:00 0 
7f7e20021000-7f7e24000000 ---p 00000000 00:00 0 
7f7e28000000-7f7e28021000 rw-p 00000000 00:00 0 
7f7e28021000-7f7e2c000000 ---p 00000000 00:00 0 
7f7e2c000000-7f7e2c021000 rw-p 00000000 00:00 0 
7f7e2c021000-7f7e30000000 ---p 00000000 00:00 0 
7f7e30000000-7f7e313a6000 rw-p 00000000 00:00 0 
7f7e313a6000-7f7e34000000 ---p 00000000 00:00 0 
7f7e34000000-7f7e348da000 rw-p 00000000 00:00 0 
7f7e348da000-7f7e38000000 ---p 00000000 00:00 0 
7f7e38000000-7f7e38021000 rw-p 00000000 00:00 0 
7f7e38021000-7f7e3c000000 ---p 00000000 00:00 0 
7f7e3c000000-7f7e3d4ec000 rw-p 00000000 00:00 0 
7f7e3d4ec000-7f7e40000000 ---p 00000000 00:00 0 
7f7e40000000-7f7e40021000 rw-p 00000000 00:00 0 
7f7e40021000-7f7e44000000 ---p 00000000 00:00 0 
7f7e44000000-7f7e44021000 rw-p 00000000 00:00 0 
7f7e44021000-7f7e48000000 ---p 00000000 00:00 0 
7f7e48000000-7f7e48021000 rw-p 00000000 00:00 0 
7f7e48021000-7f7e4c000000 ---p 00000000 00:00 0 
7f7e4c000000-7f7e4c021000 rw-p 00000000 00:00 0 
7f7e4c021000-7f7e50000000 ---p 00000000 00:00 0 
7f7e518fe000-7f7e51900000 r--s 0000d000 08:0a 5245019                    /home/natalia/.m2/repository/org/codehaus/plexus/plexus-interpolation/1.13/plexus-interpolation-1.13.jar
7f7e51900000-7f7e51901000 r--s 00001000 08:0a 5245016                    /home/natalia/.m2/repository/org/sonatype/plexus/plexus-build-api/0.0.4/plexus-build-api-0.0.4.jar
7f7e51901000-7f7e51903000 r--s 00009000 08:0a 5245015                    /home/natalia/.m2/repository/org/apache/maven/shared/maven-filtering/1.0/maven-filtering-1.0.jar
7f7e51903000-7f7e51907000 r--s 00033000 08:0a 5245014                    /home/natalia/.m2/repository/org/codehaus/plexus/plexus-utils/2.0.5/plexus-utils-2.0.5.jar
7f7e51907000-7f7e51908000 r--s 00001000 08:0a 5245013                    /home/natalia/.m2/repository/org/apache/maven/doxia/doxia-sink-api/1.0-alpha-7/doxia-sink-api-1.0-alpha-7.jar
7f7e51908000-7f7e51909000 r--s 00002000 08:0a 5245012                    /home/natalia/.m2/repository/org/apache/maven/reporting/maven-reporting-api/2.0.6/maven-reporting-api-2.0.6.jar
7f7e51909000-7f7e5190b000 r--s 00005000 08:0a 3938929                    /home/natalia/.m2/repository/org/apache/maven/plugins/maven-resources-plugin/2.5/maven-resources-plugin-2.5.jar
7f7e5190b000-7f7e51919000 r--s 0007f000 08:0a 5243966                    /home/natalia/.m2/repository/commons-collections/commons-collections/3.2.1/commons-collections-3.2.1.jar
7f7e51919000-7f7e5191e000 r--s 00041000 08:0a 5244939                    /home/natalia/.m2/repository/commons-lang/commons-lang/2.6/commons-lang-2.6.jar
7f7e5191e000-7f7e51920000 r--s 00006000 08:0a 5244936                    /home/natalia/.m2/repository/org/apache/maven/shared/maven-invoker/2.0.11/maven-invoker-2.0.11.jar
7f7e51920000-7f7e51922000 r--s 00006000 08:0a 5244934                    /home/natalia/.m2/repository/org/apache/maven/shared/maven-common-artifact-filters/1.4/maven-common-artifact-filters-1.4.jar
7f7e51922000-7f7e51924000 r--s 0000c000 08:0a 5244932                    /home/natalia/.m2/repository/org/apache/maven/shared/maven-dependency-tree/2.0/maven-dependency-tree-2.0.jar
7f7e51924000-7f7e51926000 r--s 00000000 08:0a 5244930                    /home/natalia/.m2/repository/org/codehaus/plexus/plexus-component-annotations/1.5.5/plexus-component-annotations-1.5.5.jar
7f7e51926000-7f7e51927000 r--s 0000a000 08:0a 5244928                    /home/natalia/.m2/repository/asm/asm/3.3.1/asm-3.3.1.jar
7f7e51927000-7f7e51929000 r--s 00005000 08:0a 5244927                    /home/natalia/.m2/repository/org/apache/maven/shared/maven-dependency-analyzer/1.3/maven-dependency-analyzer-1.3.jar
7f7e51929000-7f7e5192c000 r--s 0000c000 08:0a 5244924                    /home/natalia/.m2/repository/org/codehaus/plexus/plexus-io/2.0.6/plexus-io-2.0.6.jar
7f7e5192c000-7f7e5192f000 r--s 0001b000 08:0a 5244922                    /home/natalia/.m2/repository/junit/junit/3.8.1/junit-3.8.1.jar
7f7e5192f000-7f7e51931000 r--s 00008000 08:0a 5244920                    /home/natalia/.m2/repository/org/apache/maven/shared/maven-shared-io/1.1/maven-shared-io-1.1.jar
7f7e51931000-7f7e51933000 r--s 00008000 08:0a 5244918                    /home/natalia/.m2/repository/org/apache/maven/shared/file-management/1.2.1/file-management-1.2.1.jar
7f7e51933000-7f7e51937000 r--s 00035000 08:0a 5244917                    /home/natalia/.m2/repository/org/codehaus/plexus/plexus-utils/3.0.9/plexus-utils-3.0.9.jar
7f7e51937000-7f7e5193c000 r--s 00029000 08:0a 5244915                    /home/natalia/.m2/repository/org/codehaus/plexus/plexus-archiver/2.2/plexus-archiver-2.2.jar
7f7e5193c000-7f7e5193e000 r--s 00004000 08:0a 5244913                    /home/natalia/.m2/repository/org/apache/maven/doxia/doxia-module-xhtml/1.0/doxia-module-xhtml-1.0.jar
7f7e5193e000-7f7e5193f000 r--s 00006000 08:0a 5244910                    /home/natalia/.m2/repository/org/apache/maven/doxia/doxia-module-xdoc/1.0/doxia-module-xdoc-1.0.jar
7f7e5193f000-7f7e51940000 r--s 00004000 08:0a 5244909                    /home/natalia/.m2/repository/org/apache/maven/doxia/doxia-module-fml/1.0/doxia-module-fml-1.0.jar
7f7e51940000-7f7e51942000 r--s 0000a000 08:0a 5244906                    /home/natalia/.m2/repository/org/apache/maven/doxia/doxia-module-apt/1.0/doxia-module-apt-1.0.jar
7f7e51942000-7f7e51943000 r--s 0000b000 08:0a 5244904                    /home/natalia/.m2/repository/org/apache/maven/doxia/doxia-decoration-model/1.0/doxia-decoration-model-1.0.jar
7f7e51943000-7f7e5194b000 r--s 00058000 08:0a 5244903                    /home/natalia/.m2/repository/org/apache/velocity/velocity/1.5/velocity-1.5.jar
7f7e5194b000-7f7e5194c000 r--s 00001000 08:0a 5244899                    /home/natalia/.m2/repository/org/codehaus/plexus/plexus-velocity/1.1.7/plexus-velocity-1.1.7.jar
7f7e5194c000-7f7e5194d000 r--s 00002000 08:0a 5244900                    /home/natalia/.m2/repository/org/codehaus/plexus/plexus-i18n/1.0-beta-7/plexus-i18n-1.0-beta-7.jar
7f7e5194d000-7f7e5194f000 r--s 0000a000 08:0a 5244898                    /home/natalia/.m2/repository/org/apache/maven/doxia/doxia-site-renderer/1.0/doxia-site-renderer-1.0.jar
7f7e5194f000-7f7e51950000 r--s 00002000 08:0a 5244894                    /home/natalia/.m2/repository/org/apache/maven/doxia/doxia-sink-api/1.0/doxia-sink-api-1.0.jar
7f7e51950000-7f7e51955000 r--s 00016000 08:0a 5244892                    /home/natalia/.m2/repository/xml-apis/xml-apis/1.0.b2/xml-apis-1.0.b2.jar
7f7e51955000-7f7e51957000 r--s 0000e000 08:0a 5244890                    /home/natalia/.m2/repository/oro/oro/2.0.8/oro-2.0.8.jar
7f7e51957000-7f7e51959000 r--s 00008000 08:0a 5244889                    /home/natalia/.m2/repository/commons-logging/commons-logging/1.0.4/commons-logging-1.0.4.jar
7f7e51959000-7f7e5195d000 r--s 00026000 08:0a 5244888                    /home/natalia/.m2/repository/commons-digester/commons-digester/1.6/commons-digester-1.6.jar
7f7e5195d000-7f7e51962000 r--s 0002a000 08:0a 5244884                    /home/natalia/.m2/repository/commons-beanutils/commons-beanutils/1.7.0/commons-beanutils-1.7.0.jar
7f7e51962000-7f7e51965000 r--s 00014000 08:0a 5244881                    /home/natalia/.m2/repository/commons-validator/commons-validator/1.2.0/commons-validator-1.2.0.jar
7f7e51965000-7f7e51968000 r--s 00018000 08:0a 5244882                    /home/natalia/.m2/repository/commons-io/commons-io/1.4/commons-io-1.4.jar
7f7e51968000-7f7e5196a000 r--s 00009000 08:0a 5244878                    /home/natalia/.m2/repository/org/apache/maven/shared/maven-doxia-tools/1.0.2/maven-doxia-tools-1.0.2.jar
7f7e5196a000-7f7e5196d000 r--s 0000b000 08:0a 5244877                    /home/natalia/.m2/repository/org/apache/maven/doxia/doxia-core/1.0/doxia-core-1.0.jar
7f7e5196d000-7f7e5196f000 r--s 00004000 08:0a 5244875                    /home/natalia/.m2/repository/org/apache/maven/reporting/maven-reporting-impl/2.0.5/maven-reporting-impl-2.0.5.jar
7f7e5196f000-7f7e51970000 r--s 00002000 08:0a 5244874                    /home/natalia/.m2/repository/org/apache/maven/reporting/maven-reporting-api/3.0/maven-reporting-api-3.0.jar
7f7e51970000-7f7e51972000 r--s 00002000 08:0a 5244873                    /home/natalia/.m2/repository/org/codehaus/plexus/plexus-interactivity-api/1.0-alpha-4/plexus-interactivity-api-1.0-alpha-4.jar
7f7e51972000-7f7e51974000 r--s 00006000 08:0a 5244872                    /home/natalia/.m2/repository/commons-cli/commons-cli/1.0/commons-cli-1.0.jar
7f7e51974000-7f7e51977000 r--s 00021000 08:0a 3938956                    /home/natalia/.m2/repository/org/apache/maven/plugins/maven-dependency-plugin/2.6/maven-dependency-plugin-2.6.jar
7f7e51977000-7f7e51ab7000 rw-p 00000000 00:00 0 
7f7e51ab7000-7f7e51b77000 ---p 00000000 00:00 0 
7f7e51b77000-7f7e51b88000 r-xp 00000000 08:0a 6425780                    /usr/lib/jvm/java-8-openjdk-amd64/jre/lib/amd64/libnio.so
7f7e51b88000-7f7e51d88000 ---p 00011000 08:0a 6425780                    /usr/lib/jvm/java-8-openjdk-amd64/jre/lib/amd64/libnio.so
7f7e51d88000-7f7e51d89000 r--p 00011000 08:0a 6425780                    /usr/lib/jvm/java-8-openjdk-amd64/jre/lib/amd64/libnio.so
7f7e51d89000-7f7e51d8a000 rw-p 00012000 08:0a 6425780                    /usr/lib/jvm/java-8-openjdk-amd64/jre/lib/amd64/libnio.so
7f7e51d8a000-7f7e5208b000 rw-p 00000000 00:00 0 
7f7e5208b000-7f7e520a2000 r-xp 00000000 08:0a 6425783                    /usr/lib/jvm/java-8-openjdk-amd64/jre/lib/amd64/libnet.so
7f7e520a2000-7f7e522a1000 ---p 00017000 08:0a 6425783                    /usr/lib/jvm/java-8-openjdk-amd64/jre/lib/amd64/libnet.so
7f7e522a1000-7f7e522a2000 r--p 00016000 08:0a 6425783                    /usr/lib/jvm/java-8-openjdk-amd64/jre/lib/amd64/libnet.so
7f7e522a2000-7f7e522a3000 rw-p 00017000 08:0a 6425783                    /usr/lib/jvm/java-8-openjdk-amd64/jre/lib/amd64/libnet.so
7f7e522a3000-7f7e522a6000 ---p 00000000 00:00 0 
7f7e522a6000-7f7e522dc000 rw-p 00000000 00:00 0 
7f7e522dc000-7f7e522dd000 r--p 00000000 00:00 0 
7f7e522dd000-7f7e524dd000 rw-p 00000000 00:00 0 
7f7e524dd000-7f7e524e1000 r--s 00097000 08:0a 6427180                    /usr/lib/jvm/java-8-openjdk-amd64/jre/lib/jsse.jar
7f7e524e1000-7f7e526e1000 rw-p 00000000 00:00 0 
7f7e526e1000-7f7e526e3000 r--s 0000c000 08:0a 4986581                    /home/natalia/netbeans-8.1/java/maven-nblib/netbeans-eventspy.jar
7f7e526e3000-7f7e526e5000 r--s 00006000 08:0a 4986362                    /home/natalia/netbeans-8.1/java/maven/lib/maven-repository-metadata-3.0.5.jar
7f7e526e5000-7f7e526f1000 r--s 0007d000 08:0a 4986598                    /home/natalia/netbeans-8.1/java/maven/lib/maven-core-3.0.5.jar
7f7e526f1000-7f7e526f4000 r--s 00008000 08:0a 4986457                    /home/natalia/netbeans-8.1/java/maven/lib/maven-settings-builder-3.0.5.jar
7f7e526f4000-7f7e526f8000 r--s 00013000 08:0a 4986592                    /home/natalia/netbeans-8.1/java/maven/lib/aether-api-1.13.1.jar
7f7e526f8000-7f7e526fa000 r--s 00026000 08:0a 4986590                    /home/natalia/netbeans-8.1/java/maven/lib/maven-model-3.0.5.jar
7f7e526fa000-7f7e52701000 r--s 0002b000 08:0a 4986533                    /home/natalia/netbeans-8.1/java/maven/lib/sisu-inject-plexus-2.3.0.jar
7f7e52701000-7f7e52720000 r--s 00154000 08:0a 4986599                    /home/natalia/netbeans-8.1/java/maven/lib/sisu-guava-0.9.9.jar
7f7e52720000-7f7e52722000 r--s 0000a000 08:0a 4986573                    /home/natalia/netbeans-8.1/java/maven/lib/maven-settings-3.0.5.jar
7f7e52722000-7f7e52726000 r--s 00021000 08:0a 4986510                    /home/natalia/netbeans-8.1/java/maven/lib/maven-model-builder-3.0.5.jar
7f7e52726000-7f7e52728000 r--s 0000c000 08:0a 4986475                    /home/natalia/netbeans-8.1/java/maven/lib/maven-aether-provider-3.0.5.jar
7f7e52728000-7f7e5272c000 r--s 0001c000 08:0a 4986586                    /home/natalia/netbeans-8.1/java/maven/lib/aether-util-1.13.1.jar
7f7e5272c000-7f7e52732000 r--s 0003f000 08:0a 4986587                    /home/natalia/netbeans-8.1/java/maven/lib/maven-compat-3.0.5.jar
7f7e52732000-7f7e52733000 ---p 00000000 00:00 0 
7f7e52733000-7f7e52833000 rw-p 00000000 00:00 0 
7f7e52833000-7f7e52836000 ---p 00000000 00:00 0 
7f7e52836000-7f7e52934000 rw-p 00000000 00:00 0 
7f7e52934000-7f7e52937000 ---p 00000000 00:00 0 
7f7e52937000-7f7e52a35000 rw-p 00000000 00:00 0 
7f7e52a35000-7f7e52a38000 ---p 00000000 00:00 0 
7f7e52a38000-7f7e52b36000 rw-p 00000000 00:00 0 
7f7e52b36000-7f7e52b39000 ---p 00000000 00:00 0 
7f7e52b39000-7f7e52c37000 rw-p 00000000 00:00 0 
7f7e52c37000-7f7e52c3a000 ---p 00000000 00:00 0 
7f7e52c3a000-7f7e52d38000 rw-p 00000000 00:00 0 
7f7e52d38000-7f7e536f7000 r--p 00000000 08:0a 6298854                    /usr/lib/locale/locale-archive
7f7e536f7000-7f7e536fa000 ---p 00000000 00:00 0 
7f7e536fa000-7f7e537f8000 rw-p 00000000 00:00 0 
7f7e537f8000-7f7e537fb000 ---p 00000000 00:00 0 
7f7e537fb000-7f7e538f9000 rw-p 00000000 00:00 0 
7f7e538f9000-7f7e538fa000 ---p 00000000 00:00 0 
7f7e538fa000-7f7e54000000 rw-p 00000000 00:00 0 
7f7e54000000-7f7e54021000 rw-p 00000000 00:00 0 
7f7e54021000-7f7e58000000 ---p 00000000 00:00 0 
7f7e58000000-7f7e58021000 rw-p 00000000 00:00 0 
7f7e58021000-7f7e5c000000 ---p 00000000 00:00 0 
7f7e5c000000-7f7e5c021000 rw-p 00000000 00:00 0 
7f7e5c021000-7f7e60000000 ---p 00000000 00:00 0 
7f7e60000000-7f7e60004000 r--s 00033000 08:0a 4986584                    /home/natalia/netbeans-8.1/java/maven/lib/plexus-utils-2.0.6.jar
7f7e60004000-7f7e60006000 r--s 0000d000 08:0a 4986514                    /home/natalia/netbeans-8.1/java/maven/lib/plexus-interpolation-1.14.jar
7f7e60006000-7f7e60009000 r--s 0001d000 08:0a 4986585                    /home/natalia/netbeans-8.1/java/maven/lib/aether-impl-1.13.1.jar
7f7e60009000-7f7e60024000 r--s 000e4000 08:0a 4986566                    /home/natalia/netbeans-8.1/java/maven/lib/wagon-http-2.4-shaded.jar
7f7e60024000-7f7e60026000 r--s 0000b000 08:0a 4986571                    /home/natalia/netbeans-8.1/java/maven/lib/maven-artifact-3.0.5.jar
7f7e60026000-7f7e60028000 r--s 00006000 08:0a 4986428                    /home/natalia/netbeans-8.1/java/maven/lib/aether-connector-wagon-1.13.1.jar
7f7e60028000-7f7e6002a000 r--s 00000000 08:0a 4986241                    /home/natalia/netbeans-8.1/java/maven/lib/plexus-component-annotations-1.5.5.jar
7f7e6002a000-7f7e60031000 r--s 0003f000 08:0a 4986558                    /home/natalia/netbeans-8.1/java/maven/lib/sisu-inject-bean-2.3.0.jar
7f7e60031000-7f7e6005f000 r--s 001c9000 08:0a 4986513                    /home/natalia/netbeans-8.1/java/maven/lib/ext/wagon-http-2.8-shaded.jar
7f7e6005f000-7f7e6007a000 r--s 001d7000 08:0a 6428195                    /usr/lib/jvm/java-8-openjdk-amd64/jre/lib/ext/nashorn.jar
7f7e6007a000-7f7e60096000 r--s 00393000 08:0a 6428191                    /usr/lib/jvm/java-8-openjdk-amd64/jre/lib/ext/cldrdata.jar
7f7e60096000-7f7e61000000 rw-p 00000000 00:00 0 
7f7e61000000-7f7e61930000 rwxp 00000000 00:00 0 
7f7e61930000-7f7e70000000 ---p 00000000 00:00 0 
7f7e70000000-7f7e70b28000 rw-p 00000000 00:00 0 
7f7e70b28000-7f7e74000000 ---p 00000000 00:00 0 
7f7e74000000-7f7e74001000 r--s 00002000 08:0a 4986603                    /home/natalia/netbeans-8.1/java/maven/lib/wagon-file-2.4.jar
7f7e74001000-7f7e74003000 r--s 00009000 08:0a 4986601                    /home/natalia/netbeans-8.1/java/maven/lib/commons-cli-1.2.jar
7f7e74003000-7f7e74005000 r--s 0000b000 08:0a 4986556                    /home/natalia/netbeans-8.1/java/maven/lib/wagon-provider-api-2.4.jar
7f7e74005000-7f7e74007000 r--s 00002000 08:0a 4986591                    /home/natalia/netbeans-8.1/java/maven/lib/plexus-cipher-1.7.jar
7f7e74007000-7f7e74008000 r--s 00003000 08:0a 4986593                    /home/natalia/netbeans-8.1/java/maven/lib/aether-spi-1.13.1.jar
7f7e74008000-7f7e7400a000 r--s 0000b000 08:0a 4986557                    /home/natalia/netbeans-8.1/java/maven/lib/maven-plugin-api-3.0.5.jar
7f7e7400a000-7f7e74012000 r--s 00050000 08:0a 4986544                    /home/natalia/netbeans-8.1/java/maven/lib/sisu-guice-3.1.0-no_aop.jar
7f7e74012000-7f7e74013000 r--s 0000a000 08:0a 4986572                    /home/natalia/netbeans-8.1/java/maven/lib/maven-embedder-3.0.5.jar
7f7e74013000-7f7e74014000 r--s 00006000 08:0a 4986511                    /home/natalia/netbeans-8.1/java/maven/lib/plexus-sec-dispatcher-1.3.jar
7f7e74014000-7f7e74016000 r--s 0000a000 08:0a 4986546                    /home/natalia/netbeans-8.1/java/maven/boot/plexus-classworlds-2.4.jar
7f7e74016000-7f7e74017000 r--s 0000a000 08:0a 6428189                    /usr/lib/jvm/java-8-openjdk-amd64/jre/lib/ext/jaccess.jar
7f7e74017000-7f7e7401d000 r--s 0003a000 08:0a 6428190                    /usr/lib/jvm/java-8-openjdk-amd64/jre/lib/ext/sunjce_provider.jar
7f7e7401d000-7f7e7426c000 rw-p 00000000 00:00 0 
7f7e7426c000-7f7e74439000 r--s 03be7000 08:0a 6428185                    /usr/lib/jvm/java-8-openjdk-amd64/jre/lib/rt.jar
7f7e74439000-7f7e7646d000 rw-p 00000000 00:00 0 
7f7e7646d000-7f7e7646e000 ---p 00000000 00:00 0 
7f7e7646e000-7f7e7656e000 rw-p 00000000 00:00 0 
7f7e7656e000-7f7e7656f000 ---p 00000000 00:00 0 
7f7e7656f000-7f7e7666f000 rw-p 00000000 00:00 0 
7f7e7666f000-7f7e76670000 ---p 00000000 00:00 0 
7f7e76670000-7f7e76770000 rw-p 00000000 00:00 0 
7f7e76770000-7f7e76771000 ---p 00000000 00:00 0 
7f7e76771000-7f7e76885000 rw-p 00000000 00:00 0 
7f7e76885000-7f7e769b0000 ---p 00000000 00:00 0 
7f7e769b0000-7f7e769c4000 rw-p 00000000 00:00 0 
7f7e769c4000-7f7e76aee000 ---p 00000000 00:00 0 
7f7e76aee000-7f7e76b13000 rw-p 00000000 00:00 0 
7f7e76b13000-7f7e76b8e000 ---p 00000000 00:00 0 
7f7e76b8e000-7f7e76bb4000 rw-p 00000000 00:00 0 
7f7e76bb4000-7f7e76f4f000 ---p 00000000 00:00 0 
7f7e76f4f000-7f7e76f57000 r-xp 00000000 08:0a 6427093                    /usr/lib/jvm/java-8-openjdk-amd64/jre/lib/amd64/libzip.so
7f7e76f57000-7f7e77156000 ---p 00008000 08:0a 6427093                    /usr/lib/jvm/java-8-openjdk-amd64/jre/lib/amd64/libzip.so
7f7e77156000-7f7e77157000 r--p 00007000 08:0a 6427093                    /usr/lib/jvm/java-8-openjdk-amd64/jre/lib/amd64/libzip.so
7f7e77157000-7f7e77158000 rw-p 00008000 08:0a 6427093                    /usr/lib/jvm/java-8-openjdk-amd64/jre/lib/amd64/libzip.so
7f7e77158000-7f7e77163000 r-xp 00000000 08:0a 6558292                    /lib/x86_64-linux-gnu/libnss_files-2.23.so
7f7e77163000-7f7e77362000 ---p 0000b000 08:0a 6558292                    /lib/x86_64-linux-gnu/libnss_files-2.23.so
7f7e77362000-7f7e77363000 r--p 0000a000 08:0a 6558292                    /lib/x86_64-linux-gnu/libnss_files-2.23.so
7f7e77363000-7f7e77364000 rw-p 0000b000 08:0a 6558292                    /lib/x86_64-linux-gnu/libnss_files-2.23.so
7f7e77364000-7f7e7736a000 rw-p 00000000 00:00 0 
7f7e7736a000-7f7e77375000 r-xp 00000000 08:0a 6558302                    /lib/x86_64-linux-gnu/libnss_nis-2.23.so
7f7e77375000-7f7e77574000 ---p 0000b000 08:0a 6558302                    /lib/x86_64-linux-gnu/libnss_nis-2.23.so
7f7e77574000-7f7e77575000 r--p 0000a000 08:0a 6558302                    /lib/x86_64-linux-gnu/libnss_nis-2.23.so
7f7e77575000-7f7e77576000 rw-p 0000b000 08:0a 6558302                    /lib/x86_64-linux-gnu/libnss_nis-2.23.so
7f7e77576000-7f7e7758c000 r-xp 00000000 08:0a 6558286                    /lib/x86_64-linux-gnu/libnsl-2.23.so
7f7e7758c000-7f7e7778b000 ---p 00016000 08:0a 6558286                    /lib/x86_64-linux-gnu/libnsl-2.23.so
7f7e7778b000-7f7e7778c000 r--p 00015000 08:0a 6558286                    /lib/x86_64-linux-gnu/libnsl-2.23.so
7f7e7778c000-7f7e7778d000 rw-p 00016000 08:0a 6558286                    /lib/x86_64-linux-gnu/libnsl-2.23.so
7f7e7778d000-7f7e7778f000 rw-p 00000000 00:00 0 
7f7e7778f000-7f7e77797000 r-xp 00000000 08:0a 6558288                    /lib/x86_64-linux-gnu/libnss_compat-2.23.so
7f7e77797000-7f7e77996000 ---p 00008000 08:0a 6558288                    /lib/x86_64-linux-gnu/libnss_compat-2.23.so
7f7e77996000-7f7e77997000 r--p 00007000 08:0a 6558288                    /lib/x86_64-linux-gnu/libnss_compat-2.23.so
7f7e77997000-7f7e77998000 rw-p 00008000 08:0a 6558288                    /lib/x86_64-linux-gnu/libnss_compat-2.23.so
7f7e77998000-7f7e779c5000 r-xp 00000000 08:0a 6425785                    /usr/lib/jvm/java-8-openjdk-amd64/jre/lib/amd64/libjava.so
7f7e779c5000-7f7e77bc4000 ---p 0002d000 08:0a 6425785                    /usr/lib/jvm/java-8-openjdk-amd64/jre/lib/amd64/libjava.so
7f7e77bc4000-7f7e77bc5000 r--p 0002c000 08:0a 6425785                    /usr/lib/jvm/java-8-openjdk-amd64/jre/lib/amd64/libjava.so
7f7e77bc5000-7f7e77bc7000 rw-p 0002d000 08:0a 6425785                    /usr/lib/jvm/java-8-openjdk-amd64/jre/lib/amd64/libjava.so
7f7e77bc7000-7f7e77bd6000 r-xp 00000000 08:0a 6425627                    /usr/lib/jvm/java-8-openjdk-amd64/jre/lib/amd64/libverify.so
7f7e77bd6000-7f7e77dd5000 ---p 0000f000 08:0a 6425627                    /usr/lib/jvm/java-8-openjdk-amd64/jre/lib/amd64/libverify.so
7f7e77dd5000-7f7e77dd7000 r--p 0000e000 08:0a 6425627                    /usr/lib/jvm/java-8-openjdk-amd64/jre/lib/amd64/libverify.so
7f7e77dd7000-7f7e77dd8000 rw-p 00010000 08:0a 6425627                    /usr/lib/jvm/java-8-openjdk-amd64/jre/lib/amd64/libverify.so
7f7e77dd8000-7f7e77ddf000 r-xp 00000000 08:0a 6558347                    /lib/x86_64-linux-gnu/librt-2.23.so
7f7e77ddf000-7f7e77fde000 ---p 00007000 08:0a 6558347                    /lib/x86_64-linux-gnu/librt-2.23.so
7f7e77fde000-7f7e77fdf000 r--p 00006000 08:0a 6558347                    /lib/x86_64-linux-gnu/librt-2.23.so
7f7e77fdf000-7f7e77fe0000 rw-p 00007000 08:0a 6558347                    /lib/x86_64-linux-gnu/librt-2.23.so
7f7e77fe0000-7f7e77ff6000 r-xp 00000000 08:0a 6558231                    /lib/x86_64-linux-gnu/libgcc_s.so.1
7f7e77ff6000-7f7e781f5000 ---p 00016000 08:0a 6558231                    /lib/x86_64-linux-gnu/libgcc_s.so.1
7f7e781f5000-7f7e781f6000 rw-p 00015000 08:0a 6558231                    /lib/x86_64-linux-gnu/libgcc_s.so.1
7f7e781f6000-7f7e782fe000 r-xp 00000000 08:0a 6558263                    /lib/x86_64-linux-gnu/libm-2.23.so
7f7e782fe000-7f7e784fd000 ---p 00108000 08:0a 6558263                    /lib/x86_64-linux-gnu/libm-2.23.so
7f7e784fd000-7f7e784fe000 r--p 00107000 08:0a 6558263                    /lib/x86_64-linux-gnu/libm-2.23.so
7f7e784fe000-7f7e784ff000 rw-p 00108000 08:0a 6558263                    /lib/x86_64-linux-gnu/libm-2.23.so
7f7e784ff000-7f7e78671000 r-xp 00000000 08:0a 6293501                    /usr/lib/x86_64-linux-gnu/libstdc++.so.6.0.21
7f7e78671000-7f7e78871000 ---p 00172000 08:0a 6293501                    /usr/lib/x86_64-linux-gnu/libstdc++.so.6.0.21
7f7e78871000-7f7e7887b000 r--p 00172000 08:0a 6293501                    /usr/lib/x86_64-linux-gnu/libstdc++.so.6.0.21
7f7e7887b000-7f7e7887d000 rw-p 0017c000 08:0a 6293501                    /usr/lib/x86_64-linux-gnu/libstdc++.so.6.0.21
7f7e7887d000-7f7e78881000 rw-p 00000000 00:00 0 
7f7e78881000-7f7e794c7000 r-xp 00000000 08:0a 6427091                    /usr/lib/jvm/java-8-openjdk-amd64/jre/lib/amd64/server/libjvm.so
7f7e794c7000-7f7e796c6000 ---p 00c46000 08:0a 6427091                    /usr/lib/jvm/java-8-openjdk-amd64/jre/lib/amd64/server/libjvm.so
7f7e796c6000-7f7e79759000 r--p 00c45000 08:0a 6427091                    /usr/lib/jvm/java-8-openjdk-amd64/jre/lib/amd64/server/libjvm.so
7f7e79759000-7f7e79781000 rw-p 00cd8000 08:0a 6427091                    /usr/lib/jvm/java-8-openjdk-amd64/jre/lib/amd64/server/libjvm.so
7f7e79781000-7f7e797b1000 rw-p 00000000 00:00 0 
7f7e797b1000-7f7e797c9000 r-xp 00000000 08:0a 6558339                    /lib/x86_64-linux-gnu/libpthread-2.23.so
7f7e797c9000-7f7e799c8000 ---p 00018000 08:0a 6558339                    /lib/x86_64-linux-gnu/libpthread-2.23.so
7f7e799c8000-7f7e799c9000 r--p 00017000 08:0a 6558339                    /lib/x86_64-linux-gnu/libpthread-2.23.so
7f7e799c9000-7f7e799ca000 rw-p 00018000 08:0a 6558339                    /lib/x86_64-linux-gnu/libpthread-2.23.so
7f7e799ca000-7f7e799ce000 rw-p 00000000 00:00 0 
7f7e799ce000-7f7e799d1000 r-xp 00000000 08:0a 6558217                    /lib/x86_64-linux-gnu/libdl-2.23.so
7f7e799d1000-7f7e79bd0000 ---p 00003000 08:0a 6558217                    /lib/x86_64-linux-gnu/libdl-2.23.so
7f7e79bd0000-7f7e79bd1000 r--p 00002000 08:0a 6558217                    /lib/x86_64-linux-gnu/libdl-2.23.so
7f7e79bd1000-7f7e79bd2000 rw-p 00003000 08:0a 6558217                    /lib/x86_64-linux-gnu/libdl-2.23.so
7f7e79bd2000-7f7e79beb000 r-xp 00000000 08:0a 6558384                    /lib/x86_64-linux-gnu/libz.so.1.2.8
7f7e79beb000-7f7e79dea000 ---p 00019000 08:0a 6558384                    /lib/x86_64-linux-gnu/libz.so.1.2.8
7f7e79dea000-7f7e79deb000 r--p 00018000 08:0a 6558384                    /lib/x86_64-linux-gnu/libz.so.1.2.8
7f7e79deb000-7f7e79dec000 rw-p 00019000 08:0a 6558384                    /lib/x86_64-linux-gnu/libz.so.1.2.8
7f7e79dec000-7f7e79fac000 r-xp 00000000 08:0a 6558193                    /lib/x86_64-linux-gnu/libc-2.23.so
7f7e79fac000-7f7e7a1ab000 ---p 001c0000 08:0a 6558193                    /lib/x86_64-linux-gnu/libc-2.23.so
7f7e7a1ab000-7f7e7a1af000 r--p 001bf000 08:0a 6558193                    /lib/x86_64-linux-gnu/libc-2.23.so
7f7e7a1af000-7f7e7a1b1000 rw-p 001c3000 08:0a 6558193                    /lib/x86_64-linux-gnu/libc-2.23.so
7f7e7a1b1000-7f7e7a1b5000 rw-p 00000000 00:00 0 
7f7e7a1b5000-7f7e7a1c2000 r-xp 00000000 08:0a 6425612                    /usr/lib/jvm/java-8-openjdk-amd64/jre/lib/amd64/jli/libjli.so
7f7e7a1c2000-7f7e7a3c2000 ---p 0000d000 08:0a 6425612                    /usr/lib/jvm/java-8-openjdk-amd64/jre/lib/amd64/jli/libjli.so
7f7e7a3c2000-7f7e7a3c3000 r--p 0000d000 08:0a 6425612                    /usr/lib/jvm/java-8-openjdk-amd64/jre/lib/amd64/jli/libjli.so
7f7e7a3c3000-7f7e7a3c4000 rw-p 0000e000 08:0a 6425612                    /usr/lib/jvm/java-8-openjdk-amd64/jre/lib/amd64/jli/libjli.so
7f7e7a3c4000-7f7e7a3ea000 r-xp 00000000 08:0a 6558165                    /lib/x86_64-linux-gnu/ld-2.23.so
7f7e7a3ea000-7f7e7a3ee000 r--s 00037000 08:0a 6428196                    /usr/lib/jvm/java-8-openjdk-amd64/jre/lib/ext/sunpkcs11.jar
7f7e7a3ee000-7f7e7a3f0000 r--s 00001000 08:0a 6428194                    /usr/lib/jvm/java-8-openjdk-amd64/jre/lib/ext/dnsns.jar
7f7e7a3f0000-7f7e7a4c8000 rw-p 00000000 00:00 0 
7f7e7a4c8000-7f7e7a4cb000 ---p 00000000 00:00 0 
7f7e7a4cb000-7f7e7a5ce000 rw-p 00000000 00:00 0 
7f7e7a5ce000-7f7e7a5d1000 r--s 0000f000 08:0a 6428187                    /usr/lib/jvm/java-8-openjdk-amd64/jre/lib/ext/icedtea-sound.jar
7f7e7a5d1000-7f7e7a5db000 r--s 00116000 08:0a 6428193                    /usr/lib/jvm/java-8-openjdk-amd64/jre/lib/ext/localedata.jar
7f7e7a5db000-7f7e7a5dc000 r--s 00010000 08:0a 6428188                    /usr/lib/jvm/java-8-openjdk-amd64/jre/lib/ext/zipfs.jar
7f7e7a5dc000-7f7e7a5dd000 r--s 00008000 08:0a 6428192                    /usr/lib/jvm/java-8-openjdk-amd64/jre/lib/ext/sunec.jar
7f7e7a5dd000-7f7e7a5e5000 rw-s 00000000 08:0a 5115587                    /tmp/hsperfdata_natalia/7825
7f7e7a5e5000-7f7e7a5e6000 rw-p 00000000 00:00 0 
7f7e7a5e6000-7f7e7a5e7000 ---p 00000000 00:00 0 
7f7e7a5e7000-7f7e7a5e9000 rw-p 00000000 00:00 0 
7f7e7a5e9000-7f7e7a5ea000 r--p 00025000 08:0a 6558165                    /lib/x86_64-linux-gnu/ld-2.23.so
7f7e7a5ea000-7f7e7a5eb000 rw-p 00026000 08:0a 6558165                    /lib/x86_64-linux-gnu/ld-2.23.so
7f7e7a5eb000-7f7e7a5ec000 rw-p 00000000 00:00 0 
7ffc9fbea000-7ffc9fc0b000 rw-p 00000000 00:00 0                          [stack]
7ffc9fd9e000-7ffc9fda0000 r--p 00000000 00:00 0                          [vvar]
7ffc9fda0000-7ffc9fda2000 r-xp 00000000 00:00 0                          [vdso]
ffffffffff600000-ffffffffff601000 r-xp 00000000 00:00 0                  [vsyscall]

VM Arguments:
jvm_args: -Dclassworlds.conf=/home/natalia/netbeans-8.1/java/maven/bin/m2.conf -Dmaven.home=/home/natalia/netbeans-8.1/java/maven 
java_command: org.codehaus.plexus.classworlds.launcher.Launcher -Dnetbeans.deploy.debugmode=true -Dnetbeans.deploy=true -Dmaven.ext.class.path=/home/natalia/netbeans-8.1/java/maven-nblib/netbeans-eventspy.jar package
java_class_path (initial): /home/natalia/netbeans-8.1/java/maven/boot/plexus-classworlds-2.4.jar
Launcher Type: SUN_STANDARD

Environment Variables:
JAVA_HOME=/usr/lib/jvm/java-8-openjdk-amd64
PATH=/usr/local/sbin:/usr/local/bin:/usr/sbin:/usr/bin:/sbin:/bin:/usr/games:/usr/local/games:/snap/bin
LD_LIBRARY_PATH=/usr/lib/jvm/java-8-openjdk-amd64/jre/lib/amd64:/usr/lib/jvm/java-8-openjdk-amd64/jre/lib/i386:
SHELL=/bin/bash
DISPLAY=:0

Signal Handlers:
SIGSEGV: [libjvm.so+0xa5e090], sa_mask[0]=11111111011111111101111111111110, sa_flags=SA_RESTART|SA_SIGINFO
SIGBUS: [libjvm.so+0xa5e090], sa_mask[0]=11111111011111111101111111111110, sa_flags=SA_RESTART|SA_SIGINFO
SIGFPE: [libjvm.so+0x8a9800], sa_mask[0]=11111111011111111101111111111110, sa_flags=SA_RESTART|SA_SIGINFO
SIGPIPE: [libjvm.so+0x8a9800], sa_mask[0]=11111111011111111101111111111110, sa_flags=SA_RESTART|SA_SIGINFO
SIGXFSZ: [libjvm.so+0x8a9800], sa_mask[0]=11111111011111111101111111111110, sa_flags=SA_RESTART|SA_SIGINFO
SIGILL: [libjvm.so+0x8a9800], sa_mask[0]=11111111011111111101111111111110, sa_flags=SA_RESTART|SA_SIGINFO
SIGUSR1: SIG_DFL, sa_mask[0]=00000000000000000000000000000000, sa_flags=none
SIGUSR2: [libjvm.so+0x8a96b0], sa_mask[0]=00100000000000000000000000000000, sa_flags=SA_RESTART|SA_SIGINFO
SIGHUP: [libjvm.so+0x8a9b80], sa_mask[0]=11111111011111111101111111111110, sa_flags=SA_RESTART|SA_SIGINFO
SIGINT: SIG_IGN, sa_mask[0]=00000000000000000000000000000000, sa_flags=none
SIGTERM: [libjvm.so+0x8a9b80], sa_mask[0]=11111111011111111101111111111110, sa_flags=SA_RESTART|SA_SIGINFO
SIGQUIT: [libjvm.so+0x8a9b80], sa_mask[0]=11111111011111111101111111111110, sa_flags=SA_RESTART|SA_SIGINFO


---------------  S Y S T E M  ---------------

OS:DISTRIB_ID=Ubuntu
DISTRIB_RELEASE=16.04
DISTRIB_CODENAME=xenial
DISTRIB_DESCRIPTION="Ubuntu 16.04 LTS"

uname:Linux 4.4.0-31-generic #50-Ubuntu SMP Wed Jul 13 00:07:12 UTC 2016 x86_64
libc:glibc 2.23 NPTL 2.23 
rlimit: STACK 8192k, CORE 0k, NPROC 14885, NOFILE 65536, AS infinity
load average:2,06 1,47 1,60

/proc/meminfo:
MemTotal:        3908868 kB
MemFree:          103680 kB
MemAvailable:      26420 kB
Buffers:            3228 kB
Cached:           376676 kB
SwapCached:            0 kB
Active:          3297388 kB
Inactive:         339920 kB
Active(anon):    3288288 kB
Inactive(anon):   299184 kB
Active(file):       9100 kB
Inactive(file):    40736 kB
Unevictable:         192 kB
Mlocked:             192 kB
SwapTotal:             0 kB
SwapFree:              0 kB
Dirty:               592 kB
Writeback:             0 kB
AnonPages:       3257948 kB
Mapped:           127700 kB
Shmem:            329716 kB
Slab:              75208 kB
SReclaimable:      36068 kB
SUnreclaim:        39140 kB
KernelStack:       11936 kB
PageTables:        43112 kB
NFS_Unstable:          0 kB
Bounce:                0 kB
WritebackTmp:          0 kB
CommitLimit:     1954432 kB
Committed_AS:    7673928 kB
VmallocTotal:   34359738367 kB
VmallocUsed:           0 kB
VmallocChunk:          0 kB
HardwareCorrupted:     0 kB
AnonHugePages:   1634304 kB
CmaTotal:              0 kB
CmaFree:               0 kB
HugePages_Total:       0
HugePages_Free:        0
HugePages_Rsvd:        0
HugePages_Surp:        0
Hugepagesize:       2048 kB
DirectMap4k:      155896 kB
DirectMap2M:     3901440 kB


CPU:total 4 (2 cores per cpu, 2 threads per core) family 6 model 58 stepping 9, cmov, cx8, fxsr, mmx, sse, sse2, sse3, ssse3, sse4.1, sse4.2, popcnt, avx, clmul, erms, ht, tsc, tscinvbit, tscinv

/proc/cpuinfo:
processor	: 0
vendor_id	: GenuineIntel
cpu family	: 6
model		: 58
model name	: Intel(R) Core(TM) i3-3217U CPU @ 1.80GHz
stepping	: 9
microcode	: 0x1c
cpu MHz		: 802.546
cache size	: 3072 KB
physical id	: 0
siblings	: 4
core id		: 0
cpu cores	: 2
apicid		: 0
initial apicid	: 0
fpu		: yes
fpu_exception	: yes
cpuid level	: 13
wp		: yes
flags		: fpu vme de pse tsc msr pae mce cx8 apic sep mtrr pge mca cmov pat pse36 clflush dts acpi mmx fxsr sse sse2 ss ht tm pbe syscall nx rdtscp lm constant_tsc arch_perfmon pebs bts rep_good nopl xtopology nonstop_tsc aperfmperf eagerfpu pni pclmulqdq dtes64 monitor ds_cpl vmx est tm2 ssse3 cx16 xtpr pdcm pcid sse4_1 sse4_2 x2apic popcnt tsc_deadline_timer xsave avx f16c lahf_lm epb tpr_shadow vnmi flexpriority ept vpid fsgsbase smep erms xsaveopt dtherm ida arat pln pts
bugs		:
bogomips	: 3591.64
clflush size	: 64
cache_alignment	: 64
address sizes	: 36 bits physical, 48 bits virtual
power management:

processor	: 1
vendor_id	: GenuineIntel
cpu family	: 6
model		: 58
model name	: Intel(R) Core(TM) i3-3217U CPU @ 1.80GHz
stepping	: 9
microcode	: 0x1c
cpu MHz		: 816.187
cache size	: 3072 KB
physical id	: 0
siblings	: 4
core id		: 0
cpu cores	: 2
apicid		: 1
initial apicid	: 1
fpu		: yes
fpu_exception	: yes
cpuid level	: 13
wp		: yes
flags		: fpu vme de pse tsc msr pae mce cx8 apic sep mtrr pge mca cmov pat pse36 clflush dts acpi mmx fxsr sse sse2 ss ht tm pbe syscall nx rdtscp lm constant_tsc arch_perfmon pebs bts rep_good nopl xtopology nonstop_tsc aperfmperf eagerfpu pni pclmulqdq dtes64 monitor ds_cpl vmx est tm2 ssse3 cx16 xtpr pdcm pcid sse4_1 sse4_2 x2apic popcnt tsc_deadline_timer xsave avx f16c lahf_lm epb tpr_shadow vnmi flexpriority ept vpid fsgsbase smep erms xsaveopt dtherm ida arat pln pts
bugs		:
bogomips	: 3591.64
clflush size	: 64
cache_alignment	: 64
address sizes	: 36 bits physical, 48 bits virtual
power management:

processor	: 2
vendor_id	: GenuineIntel
cpu family	: 6
model		: 58
model name	: Intel(R) Core(TM) i3-3217U CPU @ 1.80GHz
stepping	: 9
microcode	: 0x1c
cpu MHz		: 820.335
cache size	: 3072 KB
physical id	: 0
siblings	: 4
core id		: 1
cpu cores	: 2
apicid		: 2
initial apicid	: 2
fpu		: yes
fpu_exception	: yes
cpuid level	: 13
wp		: yes
flags		: fpu vme de pse tsc msr pae mce cx8 apic sep mtrr pge mca cmov pat pse36 clflush dts acpi mmx fxsr sse sse2 ss ht tm pbe syscall nx rdtscp lm constant_tsc arch_perfmon pebs bts rep_good nopl xtopology nonstop_tsc aperfmperf eagerfpu pni pclmulqdq dtes64 monitor ds_cpl vmx est tm2 ssse3 cx16 xtpr pdcm pcid sse4_1 sse4_2 x2apic popcnt tsc_deadline_timer xsave avx f16c lahf_lm epb tpr_shadow vnmi flexpriority ept vpid fsgsbase smep erms xsaveopt dtherm ida arat pln pts
bugs		:
bogomips	: 3591.64
clflush size	: 64
cache_alignment	: 64
address sizes	: 36 bits physical, 48 bits virtual
power management:

processor	: 3
vendor_id	: GenuineIntel
cpu family	: 6
model		: 58
model name	: Intel(R) Core(TM) i3-3217U CPU @ 1.80GHz
stepping	: 9
microcode	: 0x1c
cpu MHz		: 843.046
cache size	: 3072 KB
physical id	: 0
siblings	: 4
core id		: 1
cpu cores	: 2
apicid		: 3
initial apicid	: 3
fpu		: yes
fpu_exception	: yes
cpuid level	: 13
wp		: yes
flags		: fpu vme de pse tsc msr pae mce cx8 apic sep mtrr pge mca cmov pat pse36 clflush dts acpi mmx fxsr sse sse2 ss ht tm pbe syscall nx rdtscp lm constant_tsc arch_perfmon pebs bts rep_good nopl xtopology nonstop_tsc aperfmperf eagerfpu pni pclmulqdq dtes64 monitor ds_cpl vmx est tm2 ssse3 cx16 xtpr pdcm pcid sse4_1 sse4_2 x2apic popcnt tsc_deadline_timer xsave avx f16c lahf_lm epb tpr_shadow vnmi flexpriority ept vpid fsgsbase smep erms xsaveopt dtherm ida arat pln pts
bugs		:
bogomips	: 3591.64
clflush size	: 64
cache_alignment	: 64
address sizes	: 36 bits physical, 48 bits virtual
power management:



Memory: 4k page, physical 3908868k(103680k free), swap 0k(0k free)

vm_info: OpenJDK 64-Bit Server VM (25.91-b14) for linux-amd64 JRE (1.8.0_91-8u91-b14-0ubuntu4~16.04.1-b14), built on Apr 23 2016 07:03:54 by "buildd" with gcc 5.3.1 20160413

time: Wed Jul 20 09:11:56 2016
elapsed time: 14 seconds (0d 0h 0m 14s)

